----------------------------------------------------------------
Wed Feb 26 22:04:42 BRT 2020:
Booting Derby version The Apache Software Foundation - Apache Derby - 10.14.2.0 - (1828579): instance a816c00e-0170-842c-9f28-0000076c2210 
on database directory C:\Users\glauc\OneDrive\Área de Trabalho\SpringProjects\event_manager\dbevento with class loader jdk.internal.loader.ClassLoaders$AppClassLoader@2626b418 
Loaded from file:/C:/Users/glauc/.m2/repository/org/apache/derby/derby/10.14.2.0/derby-10.14.2.0.jar
java.vendor=Oracle Corporation
java.runtime.version=12.0.1+12
user.dir=c:\Users\glauc\OneDrive\Área de Trabalho\SpringProjects\event_manager
os.name=Windows 10
os.arch=amd64
os.version=10.0
derby.system.home=null
Database Class Loader started - derby.database.classpath=''
----------------------------------------------------------------
Wed Feb 26 22:08:10 BRT 2020:
Shutting down instance a816c00e-0170-842c-9f28-0000076c2210 on database directory C:\Users\glauc\OneDrive\Área de Trabalho\SpringProjects\event_manager\dbevento with class loader jdk.internal.loader.ClassLoaders$AppClassLoader@2626b418 
Wed Feb 26 22:08:11 BRT 2020 Thread[Thread-20,5,main] Cleanup action starting
ERROR XBM0I: Directory dbevento cannot be removed.
	at org.apache.derby.iapi.error.StandardException.newException(Unknown Source)
	at org.apache.derby.iapi.error.StandardException.newException(Unknown Source)
	at org.apache.derby.iapi.services.monitor.Monitor.removePersistentService(Unknown Source)
	at org.apache.derby.impl.jdbc.EmbedConnection$6.run(Unknown Source)
	at java.base/java.security.AccessController.doPrivileged(AccessController.java:551)
	at org.apache.derby.impl.jdbc.EmbedConnection.removePersistentService(Unknown Source)
	at org.apache.derby.impl.jdbc.EmbedConnection.<init>(Unknown Source)
	at org.apache.derby.jdbc.InternalDriver$1.run(Unknown Source)
	at org.apache.derby.jdbc.InternalDriver$1.run(Unknown Source)
	at java.base/java.security.AccessController.doPrivileged(AccessController.java:551)
	at org.apache.derby.jdbc.InternalDriver.getNewEmbedConnection(Unknown Source)
	at org.apache.derby.jdbc.InternalDriver$LoginCallable.call(Unknown Source)
	at org.apache.derby.jdbc.InternalDriver$LoginCallable.call(Unknown Source)
	at java.base/java.util.concurrent.FutureTask.run(FutureTask.java:264)
	at java.base/java.util.concurrent.ThreadPoolExecutor.runWorker(ThreadPoolExecutor.java:1128)
	at java.base/java.util.concurrent.ThreadPoolExecutor$Worker.run(ThreadPoolExecutor.java:628)
	at java.base/java.lang.Thread.run(Thread.java:835)
Cleanup action completed
Wed Feb 26 22:08:11 BRT 2020 Thread[Thread-20,5,main] Cleanup action starting
ERROR XBM0I: Directory dbevento cannot be removed.
	at org.apache.derby.iapi.error.StandardException.newException(Unknown Source)
	at org.apache.derby.iapi.error.StandardException.newException(Unknown Source)
	at org.apache.derby.iapi.services.monitor.Monitor.removePersistentService(Unknown Source)
	at org.apache.derby.impl.jdbc.EmbedConnection$6.run(Unknown Source)
	at java.base/java.security.AccessController.doPrivileged(AccessController.java:551)
	at org.apache.derby.impl.jdbc.EmbedConnection.removePersistentService(Unknown Source)
	at org.apache.derby.impl.jdbc.EmbedConnection.<init>(Unknown Source)
	at org.apache.derby.jdbc.InternalDriver$1.run(Unknown Source)
	at org.apache.derby.jdbc.InternalDriver$1.run(Unknown Source)
	at java.base/java.security.AccessController.doPrivileged(AccessController.java:551)
	at org.apache.derby.jdbc.InternalDriver.getNewEmbedConnection(Unknown Source)
	at org.apache.derby.jdbc.InternalDriver$LoginCallable.call(Unknown Source)
	at org.apache.derby.jdbc.InternalDriver$LoginCallable.call(Unknown Source)
	at java.base/java.util.concurrent.FutureTask.run(FutureTask.java:264)
	at java.base/java.util.concurrent.ThreadPoolExecutor.runWorker(ThreadPoolExecutor.java:1128)
	at java.base/java.util.concurrent.ThreadPoolExecutor$Worker.run(ThreadPoolExecutor.java:628)
	at java.base/java.lang.Thread.run(Thread.java:835)
Cleanup action completed
----------------------------------------------------------------
Wed Feb 26 22:08:15 BRT 2020:
Booting Derby version The Apache Software Foundation - Apache Derby - 10.14.2.0 - (1828579): instance c0f7802d-0170-842c-9f28-0000076c2210 
on database directory C:\Users\glauc\OneDrive\Área de Trabalho\SpringProjects\event_manager\dbevento with class loader jdk.internal.loader.ClassLoaders$AppClassLoader@2626b418 
Loaded from file:/C:/Users/glauc/.m2/repository/org/apache/derby/derby/10.14.2.0/derby-10.14.2.0.jar
java.vendor=Oracle Corporation
java.runtime.version=12.0.1+12
user.dir=c:\Users\glauc\OneDrive\Área de Trabalho\SpringProjects\event_manager
os.name=Windows 10
os.arch=amd64
os.version=10.0
derby.system.home=null
Database Class Loader started - derby.database.classpath=''
----------------------------------------------------------------
Wed Feb 26 22:12:32 BRT 2020:
Shutting down instance c0f7802d-0170-842c-9f28-0000076c2210 on database directory C:\Users\glauc\OneDrive\Área de Trabalho\SpringProjects\event_manager\dbevento with class loader jdk.internal.loader.ClassLoaders$AppClassLoader@2626b418 
Wed Feb 26 22:12:32 BRT 2020 Thread[Thread-36,5,main] Cleanup action starting
ERROR XBM0I: Directory dbevento cannot be removed.
	at org.apache.derby.iapi.error.StandardException.newException(Unknown Source)
	at org.apache.derby.iapi.error.StandardException.newException(Unknown Source)
	at org.apache.derby.iapi.services.monitor.Monitor.removePersistentService(Unknown Source)
	at org.apache.derby.impl.jdbc.EmbedConnection$6.run(Unknown Source)
	at java.base/java.security.AccessController.doPrivileged(AccessController.java:551)
	at org.apache.derby.impl.jdbc.EmbedConnection.removePersistentService(Unknown Source)
	at org.apache.derby.impl.jdbc.EmbedConnection.<init>(Unknown Source)
	at org.apache.derby.jdbc.InternalDriver$1.run(Unknown Source)
	at org.apache.derby.jdbc.InternalDriver$1.run(Unknown Source)
	at java.base/java.security.AccessController.doPrivileged(AccessController.java:551)
	at org.apache.derby.jdbc.InternalDriver.getNewEmbedConnection(Unknown Source)
	at org.apache.derby.jdbc.InternalDriver$LoginCallable.call(Unknown Source)
	at org.apache.derby.jdbc.InternalDriver$LoginCallable.call(Unknown Source)
	at java.base/java.util.concurrent.FutureTask.run(FutureTask.java:264)
	at java.base/java.util.concurrent.ThreadPoolExecutor.runWorker(ThreadPoolExecutor.java:1128)
	at java.base/java.util.concurrent.ThreadPoolExecutor$Worker.run(ThreadPoolExecutor.java:628)
	at java.base/java.lang.Thread.run(Thread.java:835)
Cleanup action completed
Wed Feb 26 22:12:32 BRT 2020 Thread[Thread-36,5,main] Cleanup action starting
ERROR XBM0I: Directory dbevento cannot be removed.
	at org.apache.derby.iapi.error.StandardException.newException(Unknown Source)
	at org.apache.derby.iapi.error.StandardException.newException(Unknown Source)
	at org.apache.derby.iapi.services.monitor.Monitor.removePersistentService(Unknown Source)
	at org.apache.derby.impl.jdbc.EmbedConnection$6.run(Unknown Source)
	at java.base/java.security.AccessController.doPrivileged(AccessController.java:551)
	at org.apache.derby.impl.jdbc.EmbedConnection.removePersistentService(Unknown Source)
	at org.apache.derby.impl.jdbc.EmbedConnection.<init>(Unknown Source)
	at org.apache.derby.jdbc.InternalDriver$1.run(Unknown Source)
	at org.apache.derby.jdbc.InternalDriver$1.run(Unknown Source)
	at java.base/java.security.AccessController.doPrivileged(AccessController.java:551)
	at org.apache.derby.jdbc.InternalDriver.getNewEmbedConnection(Unknown Source)
	at org.apache.derby.jdbc.InternalDriver$LoginCallable.call(Unknown Source)
	at org.apache.derby.jdbc.InternalDriver$LoginCallable.call(Unknown Source)
	at java.base/java.util.concurrent.FutureTask.run(FutureTask.java:264)
	at java.base/java.util.concurrent.ThreadPoolExecutor.runWorker(ThreadPoolExecutor.java:1128)
	at java.base/java.util.concurrent.ThreadPoolExecutor$Worker.run(ThreadPoolExecutor.java:628)
	at java.base/java.lang.Thread.run(Thread.java:835)
Cleanup action completed
